<?xml version="1.0" encoding="UTF-8"?>
<testsuite xmlns:xsi="http://www.w3.org/2001/XMLSchema-instance" xsi:noNamespaceSchemaLocation="https://maven.apache.org/surefire/maven-surefire-plugin/xsd/surefire-test-report-3.0.xsd" version="3.0" name="io.quarkus.workshop.superheroes.villain.VillainResourceTest" time="34.211" tests="13" errors="1" skipped="12" failures="0">
  <properties>
    <property name="sun.desktop" value="windows"/>
    <property name="awt.toolkit" value="sun.awt.windows.WToolkit"/>
    <property name="java.specification.version" value="11"/>
    <property name="sun.cpu.isalist" value="amd64"/>
    <property name="sun.jnu.encoding" value="Cp1252"/>
    <property name="java.class.path" value="C:\Users\n524684\repositorios\games\quarkus-workshop-super-heroes\super-heroes\rest-villain\target\test-classes;C:\Users\n524684\repositorios\games\quarkus-workshop-super-heroes\super-heroes\rest-villain\target\classes;C:\Users\n524684\.m2\repository\io\quarkus\quarkus-resteasy\2.2.2.Final\quarkus-resteasy-2.2.2.Final.jar;C:\Users\n524684\.m2\repository\io\quarkus\quarkus-vertx-http\2.2.2.Final\quarkus-vertx-http-2.2.2.Final.jar;C:\Users\n524684\.m2\repository\io\quarkus\quarkus-security-runtime-spi\2.2.2.Final\quarkus-security-runtime-spi-2.2.2.Final.jar;C:\Users\n524684\.m2\repository\io\quarkus\quarkus-mutiny\2.2.2.Final\quarkus-mutiny-2.2.2.Final.jar;C:\Users\n524684\.m2\repository\io\smallrye\reactive\mutiny\1.0.0\mutiny-1.0.0.jar;C:\Users\n524684\.m2\repository\org\reactivestreams\reactive-streams\1.0.3\reactive-streams-1.0.3.jar;C:\Users\n524684\.m2\repository\io\quarkus\quarkus-smallrye-context-propagation\2.2.2.Final\quarkus-smallrye-context-propagation-2.2.2.Final.jar;C:\Users\n524684\.m2\repository\io\smallrye\smallrye-context-propagation\1.2.0\smallrye-context-propagation-1.2.0.jar;C:\Users\n524684\.m2\repository\io\smallrye\smallrye-context-propagation-api\1.2.0\smallrye-context-propagation-api-1.2.0.jar;C:\Users\n524684\.m2\repository\io\smallrye\smallrye-context-propagation-storage\1.2.0\smallrye-context-propagation-storage-1.2.0.jar;C:\Users\n524684\.m2\repository\io\smallrye\reactive\mutiny-smallrye-context-propagation\1.0.0\mutiny-smallrye-context-propagation-1.0.0.jar;C:\Users\n524684\.m2\repository\io\quarkus\quarkus-vertx-http-dev-console-runtime-spi\2.2.2.Final\quarkus-vertx-http-dev-console-runtime-spi-2.2.2.Final.jar;C:\Users\n524684\.m2\repository\io\quarkus\security\quarkus-security\1.1.4.Final\quarkus-security-1.1.4.Final.jar;C:\Users\n524684\.m2\repository\io\quarkus\quarkus-vertx-core\2.2.2.Final\quarkus-vertx-core-2.2.2.Final.jar;C:\Users\n524684\.m2\repository\io\quarkus\quarkus-netty\2.2.2.Final\quarkus-netty-2.2.2.Final.jar;C:\Users\n524684\.m2\repository\io\netty\netty-codec\4.1.67.Final\netty-codec-4.1.67.Final.jar;C:\Users\n524684\.m2\repository\io\netty\netty-codec-http\4.1.67.Final\netty-codec-http-4.1.67.Final.jar;C:\Users\n524684\.m2\repository\io\netty\netty-codec-http2\4.1.67.Final\netty-codec-http2-4.1.67.Final.jar;C:\Users\n524684\.m2\repository\io\netty\netty-handler\4.1.67.Final\netty-handler-4.1.67.Final.jar;C:\Users\n524684\.m2\repository\io\netty\netty-codec-haproxy\4.1.67.Final\netty-codec-haproxy-4.1.67.Final.jar;C:\Users\n524684\.m2\repository\io\netty\netty-buffer\4.1.67.Final\netty-buffer-4.1.67.Final.jar;C:\Users\n524684\.m2\repository\io\netty\netty-transport\4.1.67.Final\netty-transport-4.1.67.Final.jar;C:\Users\n524684\.m2\repository\io\vertx\vertx-core\4.1.3\vertx-core-4.1.3.jar;C:\Users\n524684\.m2\repository\io\netty\netty-common\4.1.67.Final\netty-common-4.1.67.Final.jar;C:\Users\n524684\.m2\repository\io\netty\netty-handler-proxy\4.1.67.Final\netty-handler-proxy-4.1.67.Final.jar;C:\Users\n524684\.m2\repository\io\netty\netty-codec-socks\4.1.67.Final\netty-codec-socks-4.1.67.Final.jar;C:\Users\n524684\.m2\repository\io\netty\netty-resolver\4.1.67.Final\netty-resolver-4.1.67.Final.jar;C:\Users\n524684\.m2\repository\io\netty\netty-resolver-dns\4.1.67.Final\netty-resolver-dns-4.1.67.Final.jar;C:\Users\n524684\.m2\repository\io\netty\netty-codec-dns\4.1.67.Final\netty-codec-dns-4.1.67.Final.jar;C:\Users\n524684\.m2\repository\io\vertx\vertx-web\4.1.3\vertx-web-4.1.3.jar;C:\Users\n524684\.m2\repository\io\vertx\vertx-web-common\4.1.3\vertx-web-common-4.1.3.jar;C:\Users\n524684\.m2\repository\io\vertx\vertx-auth-common\4.1.3\vertx-auth-common-4.1.3.jar;C:\Users\n524684\.m2\repository\io\vertx\vertx-bridge-common\4.1.3\vertx-bridge-common-4.1.3.jar;C:\Users\n524684\.m2\repository\io\quarkus\quarkus-resteasy-server-common\2.2.2.Final\quarkus-resteasy-server-common-2.2.2.Final.jar;C:\Users\n524684\.m2\repository\io\quarkus\quarkus-resteasy-common\2.2.2.Final\quarkus-resteasy-common-2.2.2.Final.jar;C:\Users\n524684\.m2\repository\org\jboss\resteasy\resteasy-core\4.7.0.Final\resteasy-core-4.7.0.Final.jar;C:\Users\n524684\.m2\repository\org\jboss\spec\javax\ws\rs\jboss-jaxrs-api_2.1_spec\2.0.1.Final\jboss-jaxrs-api_2.1_spec-2.0.1.Final.jar;C:\Users\n524684\.m2\repository\org\jboss\resteasy\resteasy-core-spi\4.7.0.Final\resteasy-core-spi-4.7.0.Final.jar;C:\Users\n524684\.m2\repository\com\ibm\async\asyncutil\0.1.0\asyncutil-0.1.0.jar;C:\Users\n524684\.m2\repository\com\sun\activation\jakarta.activation\1.2.1\jakarta.activation-1.2.1.jar;C:\Users\n524684\.m2\repository\jakarta\validation\jakarta.validation-api\2.0.2\jakarta.validation-api-2.0.2.jar;C:\Users\n524684\.m2\repository\io\quarkus\quarkus-resteasy-jsonb\2.2.2.Final\quarkus-resteasy-jsonb-2.2.2.Final.jar;C:\Users\n524684\.m2\repository\io\quarkus\quarkus-jsonb\2.2.2.Final\quarkus-jsonb-2.2.2.Final.jar;C:\Users\n524684\.m2\repository\org\eclipse\yasson\1.0.9\yasson-1.0.9.jar;C:\Users\n524684\.m2\repository\org\jboss\resteasy\resteasy-json-binding-provider\4.7.0.Final\resteasy-json-binding-provider-4.7.0.Final.jar;C:\Users\n524684\.m2\repository\org\glassfish\jakarta.json\1.1.6\jakarta.json-1.1.6.jar;C:\Users\n524684\.m2\repository\jakarta\json\bind\jakarta.json.bind-api\1.0.2\jakarta.json.bind-api-1.0.2.jar;C:\Users\n524684\.m2\repository\org\jboss\logging\jboss-logging\3.4.2.Final\jboss-logging-3.4.2.Final.jar;C:\Users\n524684\.m2\repository\org\jboss\resteasy\resteasy-json-p-provider\4.7.0.Final\resteasy-json-p-provider-4.7.0.Final.jar;C:\Users\n524684\.m2\repository\commons-io\commons-io\2.11.0\commons-io-2.11.0.jar;C:\Users\n524684\.m2\repository\io\quarkus\quarkus-hibernate-orm-panache\2.2.2.Final\quarkus-hibernate-orm-panache-2.2.2.Final.jar;C:\Users\n524684\.m2\repository\io\quarkus\quarkus-hibernate-orm\2.2.2.Final\quarkus-hibernate-orm-2.2.2.Final.jar;C:\Users\n524684\.m2\repository\io\quarkus\quarkus-agroal\2.2.2.Final\quarkus-agroal-2.2.2.Final.jar;C:\Users\n524684\.m2\repository\io\quarkus\quarkus-datasource\2.2.2.Final\quarkus-datasource-2.2.2.Final.jar;C:\Users\n524684\.m2\repository\io\quarkus\quarkus-datasource-common\2.2.2.Final\quarkus-datasource-common-2.2.2.Final.jar;C:\Users\n524684\.m2\repository\org\jboss\narayana\jta\narayana-jta\5.12.0.Final\narayana-jta-5.12.0.Final.jar;C:\Users\n524684\.m2\repository\org\jboss\jboss-transaction-spi\7.6.0.Final\jboss-transaction-spi-7.6.0.Final.jar;C:\Users\n524684\.m2\repository\org\jboss\spec\javax\resource\jboss-connector-api_1.7_spec\1.0.0.Final\jboss-connector-api_1.7_spec-1.0.0.Final.jar;C:\Users\n524684\.m2\repository\org\jboss\narayana\jts\narayana-jts-integration\5.12.0.Final\narayana-jts-integration-5.12.0.Final.jar;C:\Users\n524684\.m2\repository\io\agroal\agroal-api\1.12\agroal-api-1.12.jar;C:\Users\n524684\.m2\repository\io\agroal\agroal-narayana\1.12\agroal-narayana-1.12.jar;C:\Users\n524684\.m2\repository\io\agroal\agroal-pool\1.12\agroal-pool-1.12.jar;C:\Users\n524684\.m2\repository\io\quarkus\quarkus-credentials\2.2.2.Final\quarkus-credentials-2.2.2.Final.jar;C:\Users\n524684\.m2\repository\io\quarkus\quarkus-narayana-jta\2.2.2.Final\quarkus-narayana-jta-2.2.2.Final.jar;C:\Users\n524684\.m2\repository\io\smallrye\smallrye-context-propagation-jta\1.2.0\smallrye-context-propagation-jta-1.2.0.jar;C:\Users\n524684\.m2\repository\io\smallrye\reactive\smallrye-reactive-converter-api\2.6.0\smallrye-reactive-converter-api-2.6.0.jar;C:\Users\n524684\.m2\repository\io\smallrye\reactive\smallrye-reactive-converter-mutiny\2.6.0\smallrye-reactive-converter-mutiny-2.6.0.jar;C:\Users\n524684\.m2\repository\org\hibernate\hibernate-core\5.5.7.Final\hibernate-core-5.5.7.Final.jar;C:\Users\n524684\.m2\repository\net\bytebuddy\byte-buddy\1.11.12\byte-buddy-1.11.12.jar;C:\Users\n524684\.m2\repository\antlr\antlr\2.7.7\antlr-2.7.7.jar;C:\Users\n524684\.m2\repository\org\hibernate\common\hibernate-commons-annotations\5.1.2.Final\hibernate-commons-annotations-5.1.2.Final.jar;C:\Users\n524684\.m2\repository\org\hibernate\hibernate-graalvm\5.5.7.Final\hibernate-graalvm-5.5.7.Final.jar;C:\Users\n524684\.m2\repository\org\glassfish\jaxb\jaxb-runtime\2.3.3-b02\jaxb-runtime-2.3.3-b02.jar;C:\Users\n524684\.m2\repository\org\glassfish\jaxb\txw2\2.3.3-b02\txw2-2.3.3-b02.jar;C:\Users\n524684\.m2\repository\com\sun\istack\istack-commons-runtime\3.0.10\istack-commons-runtime-3.0.10.jar;C:\Users\n524684\.m2\repository\org\jboss\spec\javax\xml\bind\jboss-jaxb-api_2.3_spec\2.0.0.Final\jboss-jaxb-api_2.3_spec-2.0.0.Final.jar;C:\Users\n524684\.m2\repository\jakarta\persistence\jakarta.persistence-api\2.2.3\jakarta.persistence-api-2.2.3.jar;C:\Users\n524684\.m2\repository\jakarta\transaction\jakarta.transaction-api\1.3.3\jakarta.transaction-api-1.3.3.jar;C:\Users\n524684\.m2\repository\org\hibernate\quarkus-local-cache\0.1.0\quarkus-local-cache-0.1.0.jar;C:\Users\n524684\.m2\repository\com\github\ben-manes\caffeine\caffeine\2.9.2\caffeine-2.9.2.jar;C:\Users\n524684\.m2\repository\com\google\errorprone\error_prone_annotations\2.2.0\error_prone_annotations-2.2.0.jar;C:\Users\n524684\.m2\repository\io\quarkus\quarkus-caffeine\2.2.2.Final\quarkus-caffeine-2.2.2.Final.jar;C:\Users\n524684\.m2\repository\io\quarkus\quarkus-hibernate-orm-panache-common\2.2.2.Final\quarkus-hibernate-orm-panache-common-2.2.2.Final.jar;C:\Users\n524684\.m2\repository\io\quarkus\quarkus-panache-hibernate-common\2.2.2.Final\quarkus-panache-hibernate-common-2.2.2.Final.jar;C:\Users\n524684\.m2\repository\io\quarkus\quarkus-arc\2.2.2.Final\quarkus-arc-2.2.2.Final.jar;C:\Users\n524684\.m2\repository\io\quarkus\arc\arc\2.2.2.Final\arc-2.2.2.Final.jar;C:\Users\n524684\.m2\repository\org\eclipse\microprofile\context-propagation\microprofile-context-propagation-api\1.2\microprofile-context-propagation-api-1.2.jar;C:\Users\n524684\.m2\repository\io\quarkus\quarkus-panache-common\2.2.2.Final\quarkus-panache-common-2.2.2.Final.jar;C:\Users\n524684\.m2\repository\io\quarkus\quarkus-jdbc-postgresql\2.2.2.Final\quarkus-jdbc-postgresql-2.2.2.Final.jar;C:\Users\n524684\.m2\repository\org\postgresql\postgresql\42.2.23\postgresql-42.2.23.jar;C:\Users\n524684\.m2\repository\io\quarkus\quarkus-hibernate-validator\2.2.2.Final\quarkus-hibernate-validator-2.2.2.Final.jar;C:\Users\n524684\.m2\repository\io\quarkus\quarkus-core\2.2.2.Final\quarkus-core-2.2.2.Final.jar;C:\Users\n524684\.m2\repository\jakarta\annotation\jakarta.annotation-api\1.3.5\jakarta.annotation-api-1.3.5.jar;C:\Users\n524684\.m2\repository\jakarta\enterprise\jakarta.enterprise.cdi-api\2.0.2\jakarta.enterprise.cdi-api-2.0.2.jar;C:\Users\n524684\.m2\repository\jakarta\el\jakarta.el-api\3.0.3\jakarta.el-api-3.0.3.jar;C:\Users\n524684\.m2\repository\jakarta\interceptor\jakarta.interceptor-api\1.2.5\jakarta.interceptor-api-1.2.5.jar;C:\Users\n524684\.m2\repository\jakarta\inject\jakarta.inject-api\1.0\jakarta.inject-api-1.0.jar;C:\Users\n524684\.m2\repository\io\quarkus\quarkus-ide-launcher\2.2.2.Final\quarkus-ide-launcher-2.2.2.Final.jar;C:\Users\n524684\.m2\repository\io\quarkus\quarkus-development-mode-spi\2.2.2.Final\quarkus-development-mode-spi-2.2.2.Final.jar;C:\Users\n524684\.m2\repository\io\smallrye\config\smallrye-config\2.4.4\smallrye-config-2.4.4.jar;C:\Users\n524684\.m2\repository\io\smallrye\config\smallrye-config-core\2.4.4\smallrye-config-core-2.4.4.jar;C:\Users\n524684\.m2\repository\io\smallrye\common\smallrye-common-expression\1.6.0\smallrye-common-expression-1.6.0.jar;C:\Users\n524684\.m2\repository\io\smallrye\common\smallrye-common-function\1.6.0\smallrye-common-function-1.6.0.jar;C:\Users\n524684\.m2\repository\io\smallrye\common\smallrye-common-constraint\1.6.0\smallrye-common-constraint-1.6.0.jar;C:\Users\n524684\.m2\repository\io\smallrye\common\smallrye-common-classloader\1.6.0\smallrye-common-classloader-1.6.0.jar;C:\Users\n524684\.m2\repository\io\smallrye\config\smallrye-config-common\2.4.4\smallrye-config-common-2.4.4.jar;C:\Users\n524684\.m2\repository\org\jboss\logmanager\jboss-logmanager-embedded\1.0.9\jboss-logmanager-embedded-1.0.9.jar;C:\Users\n524684\.m2\repository\org\jboss\logging\jboss-logging-annotations\2.2.1.Final\jboss-logging-annotations-2.2.1.Final.jar;C:\Users\n524684\.m2\repository\org\jboss\threads\jboss-threads\3.4.2.Final\jboss-threads-3.4.2.Final.jar;C:\Users\n524684\.m2\repository\org\slf4j\slf4j-api\1.7.30\slf4j-api-1.7.30.jar;C:\Users\n524684\.m2\repository\org\jboss\slf4j\slf4j-jboss-logmanager\1.1.0.Final\slf4j-jboss-logmanager-1.1.0.Final.jar;C:\Users\n524684\.m2\repository\org\graalvm\sdk\graal-sdk\21.2.0\graal-sdk-21.2.0.jar;C:\Users\n524684\.m2\repository\org\wildfly\common\wildfly-common\1.5.4.Final-format-001\wildfly-common-1.5.4.Final-format-001.jar;C:\Users\n524684\.m2\repository\io\quarkus\quarkus-bootstrap-runner\2.2.2.Final\quarkus-bootstrap-runner-2.2.2.Final.jar;C:\Users\n524684\.m2\repository\org\hibernate\validator\hibernate-validator\6.2.0.Final\hibernate-validator-6.2.0.Final.jar;C:\Users\n524684\.m2\repository\com\fasterxml\classmate\1.5.1\classmate-1.5.1.jar;C:\Users\n524684\.m2\repository\org\glassfish\jakarta.el\3.0.3\jakarta.el-3.0.3.jar;C:\Users\n524684\.m2\repository\io\smallrye\config\smallrye-config-validator\2.4.4\smallrye-config-validator-2.4.4.jar;C:\Users\n524684\.m2\repository\io\quarkus\quarkus-smallrye-openapi\2.2.2.Final\quarkus-smallrye-openapi-2.2.2.Final.jar;C:\Users\n524684\.m2\repository\io\smallrye\smallrye-open-api-core\2.1.10\smallrye-open-api-core-2.1.10.jar;C:\Users\n524684\.m2\repository\org\eclipse\microprofile\openapi\microprofile-openapi-api\2.0.1-RC1\microprofile-openapi-api-2.0.1-RC1.jar;C:\Users\n524684\.m2\repository\org\eclipse\microprofile\config\microprofile-config-api\2.0\microprofile-config-api-2.0.jar;C:\Users\n524684\.m2\repository\com\fasterxml\jackson\dataformat\jackson-dataformat-yaml\2.12.4\jackson-dataformat-yaml-2.12.4.jar;C:\Users\n524684\.m2\repository\org\yaml\snakeyaml\1.29\snakeyaml-1.29.jar;C:\Users\n524684\.m2\repository\org\jboss\jandex\2.3.1.Final\jandex-2.3.1.Final.jar;C:\Users\n524684\.m2\repository\io\quarkus\quarkus-swagger-ui\2.2.2.Final\quarkus-swagger-ui-2.2.2.Final.jar;C:\Users\n524684\.m2\repository\io\quarkus\quarkus-smallrye-health\2.2.2.Final\quarkus-smallrye-health-2.2.2.Final.jar;C:\Users\n524684\.m2\repository\io\smallrye\smallrye-health\3.1.1\smallrye-health-3.1.1.jar;C:\Users\n524684\.m2\repository\org\eclipse\microprofile\health\microprofile-health-api\3.1\microprofile-health-api-3.1.jar;C:\Users\n524684\.m2\repository\io\smallrye\smallrye-health-api\3.1.1\smallrye-health-api-3.1.1.jar;C:\Users\n524684\.m2\repository\io\smallrye\common\smallrye-common-annotation\1.6.0\smallrye-common-annotation-1.6.0.jar;C:\Users\n524684\.m2\repository\io\smallrye\smallrye-health-provided-checks\3.1.1\smallrye-health-provided-checks-3.1.1.jar;C:\Users\n524684\.m2\repository\io\quarkus\quarkus-jsonp\2.2.2.Final\quarkus-jsonp-2.2.2.Final.jar;C:\Users\n524684\.m2\repository\io\quarkus\quarkus-smallrye-metrics\2.2.2.Final\quarkus-smallrye-metrics-2.2.2.Final.jar;C:\Users\n524684\.m2\repository\io\smallrye\smallrye-metrics\3.0.1\smallrye-metrics-3.0.1.jar;C:\Users\n524684\.m2\repository\org\eclipse\microprofile\metrics\microprofile-metrics-api\3.0\microprofile-metrics-api-3.0.jar;C:\Users\n524684\.m2\repository\io\quarkus\quarkus-junit5\2.2.2.Final\quarkus-junit5-2.2.2.Final.jar;C:\Users\n524684\.m2\repository\io\quarkus\quarkus-bootstrap-core\2.2.2.Final\quarkus-bootstrap-core-2.2.2.Final.jar;C:\Users\n524684\.m2\repository\io\quarkus\quarkus-bootstrap-app-model\2.2.2.Final\quarkus-bootstrap-app-model-2.2.2.Final.jar;C:\Users\n524684\.m2\repository\io\quarkus\quarkus-bootstrap-maven-resolver\2.2.2.Final\quarkus-bootstrap-maven-resolver-2.2.2.Final.jar;C:\Users\n524684\.m2\repository\org\apache\maven\maven-embedder\3.8.1\maven-embedder-3.8.1.jar;C:\Users\n524684\.m2\repository\org\apache\maven\maven-settings\3.8.1\maven-settings-3.8.1.jar;C:\Users\n524684\.m2\repository\org\apache\maven\maven-core\3.8.1\maven-core-3.8.1.jar;C:\Users\n524684\.m2\repository\org\apache\maven\maven-artifact\3.8.1\maven-artifact-3.8.1.jar;C:\Users\n524684\.m2\repository\org\codehaus\plexus\plexus-component-annotations\2.1.0\plexus-component-annotations-2.1.0.jar;C:\Users\n524684\.m2\repository\org\apache\maven\maven-plugin-api\3.8.1\maven-plugin-api-3.8.1.jar;C:\Users\n524684\.m2\repository\org\apache\maven\maven-model\3.8.1\maven-model-3.8.1.jar;C:\Users\n524684\.m2\repository\org\apache\maven\maven-model-builder\3.8.1\maven-model-builder-3.8.1.jar;C:\Users\n524684\.m2\repository\org\apache\maven\maven-builder-support\3.8.1\maven-builder-support-3.8.1.jar;C:\Users\n524684\.m2\repository\org\apache\maven\resolver\maven-resolver-api\1.6.2\maven-resolver-api-1.6.2.jar;C:\Users\n524684\.m2\repository\org\apache\maven\resolver\maven-resolver-util\1.6.2\maven-resolver-util-1.6.2.jar;C:\Users\n524684\.m2\repository\org\apache\maven\shared\maven-shared-utils\3.3.3\maven-shared-utils-3.3.3.jar;C:\Users\n524684\.m2\repository\com\google\inject\guice\4.2.1\guice-4.2.1-no_aop.jar;C:\Users\n524684\.m2\repository\com\google\guava\guava\30.1.1-jre\guava-30.1.1-jre.jar;C:\Users\n524684\.m2\repository\com\google\guava\failureaccess\1.0.1\failureaccess-1.0.1.jar;C:\Users\n524684\.m2\repository\com\google\guava\listenablefuture\9999.0-empty-to-avoid-conflict-with-guava\listenablefuture-9999.0-empty-to-avoid-conflict-with-guava.jar;C:\Users\n524684\.m2\repository\org\codehaus\plexus\plexus-utils\3.2.1\plexus-utils-3.2.1.jar;C:\Users\n524684\.m2\repository\org\codehaus\plexus\plexus-classworlds\2.6.0\plexus-classworlds-2.6.0.jar;C:\Users\n524684\.m2\repository\commons-cli\commons-cli\1.4\commons-cli-1.4.jar;C:\Users\n524684\.m2\repository\org\eclipse\sisu\org.eclipse.sisu.plexus\0.3.4\org.eclipse.sisu.plexus-0.3.4.jar;C:\Users\n524684\.m2\repository\org\apache\maven\maven-settings-builder\3.8.1\maven-settings-builder-3.8.1.jar;C:\Users\n524684\.m2\repository\org\codehaus\plexus\plexus-interpolation\1.25\plexus-interpolation-1.25.jar;C:\Users\n524684\.m2\repository\org\sonatype\plexus\plexus-sec-dispatcher\1.4\plexus-sec-dispatcher-1.4.jar;C:\Users\n524684\.m2\repository\org\sonatype\plexus\plexus-cipher\1.4\plexus-cipher-1.4.jar;C:\Users\n524684\.m2\repository\org\apache\maven\maven-resolver-provider\3.8.1\maven-resolver-provider-3.8.1.jar;C:\Users\n524684\.m2\repository\org\apache\maven\maven-repository-metadata\3.8.1\maven-repository-metadata-3.8.1.jar;C:\Users\n524684\.m2\repository\org\apache\maven\resolver\maven-resolver-spi\1.6.2\maven-resolver-spi-1.6.2.jar;C:\Users\n524684\.m2\repository\org\apache\maven\resolver\maven-resolver-impl\1.6.2\maven-resolver-impl-1.6.2.jar;C:\Users\n524684\.m2\repository\org\apache\maven\resolver\maven-resolver-connector-basic\1.6.2\maven-resolver-connector-basic-1.6.2.jar;C:\Users\n524684\.m2\repository\org\apache\maven\resolver\maven-resolver-transport-wagon\1.6.2\maven-resolver-transport-wagon-1.6.2.jar;C:\Users\n524684\.m2\repository\org\apache\maven\wagon\wagon-http\3.4.3\wagon-http-3.4.3.jar;C:\Users\n524684\.m2\repository\org\apache\maven\wagon\wagon-http-shared\3.4.3\wagon-http-shared-3.4.3.jar;C:\Users\n524684\.m2\repository\org\jsoup\jsoup\1.12.1\jsoup-1.12.1.jar;C:\Users\n524684\.m2\repository\org\apache\maven\wagon\wagon-provider-api\3.4.3\wagon-provider-api-3.4.3.jar;C:\Users\n524684\.m2\repository\org\apache\maven\wagon\wagon-file\3.4.3\wagon-file-3.4.3.jar;C:\Users\n524684\.m2\repository\io\quarkus\quarkus-bootstrap-gradle-resolver\2.2.2.Final\quarkus-bootstrap-gradle-resolver-2.2.2.Final.jar;C:\Users\n524684\.m2\repository\io\smallrye\common\smallrye-common-io\1.6.0\smallrye-common-io-1.6.0.jar;C:\Users\n524684\.m2\repository\org\eclipse\sisu\org.eclipse.sisu.inject\0.3.4\org.eclipse.sisu.inject-0.3.4.jar;C:\Users\n524684\.m2\repository\io\quarkus\quarkus-test-common\2.2.2.Final\quarkus-test-common-2.2.2.Final.jar;C:\Users\n524684\.m2\repository\io\quarkus\quarkus-core-deployment\2.2.2.Final\quarkus-core-deployment-2.2.2.Final.jar;C:\Users\n524684\.m2\repository\org\aesh\readline\2.1\readline-2.1.jar;C:\Users\n524684\.m2\repository\org\fusesource\jansi\jansi\1.18\jansi-1.18.jar;C:\Users\n524684\.m2\repository\io\quarkus\gizmo\gizmo\1.0.9.Final\gizmo-1.0.9.Final.jar;C:\Users\n524684\.m2\repository\org\ow2\asm\asm-util\9.1\asm-util-9.1.jar;C:\Users\n524684\.m2\repository\org\ow2\asm\asm-tree\9.1\asm-tree-9.1.jar;C:\Users\n524684\.m2\repository\org\ow2\asm\asm-analysis\9.1\asm-analysis-9.1.jar;C:\Users\n524684\.m2\repository\org\ow2\asm\asm\9.1\asm-9.1.jar;C:\Users\n524684\.m2\repository\io\quarkus\quarkus-class-change-agent\2.2.2.Final\quarkus-class-change-agent-2.2.2.Final.jar;C:\Users\n524684\.m2\repository\io\quarkus\quarkus-devtools-utilities\2.2.2.Final\quarkus-devtools-utilities-2.2.2.Final.jar;C:\Users\n524684\.m2\repository\io\quarkus\quarkus-builder\2.2.2.Final\quarkus-builder-2.2.2.Final.jar;C:\Users\n524684\.m2\repository\org\junit\platform\junit-platform-launcher\1.7.2\junit-platform-launcher-1.7.2.jar;C:\Users\n524684\.m2\repository\io\quarkus\quarkus-jsonp-deployment\2.2.2.Final\quarkus-jsonp-deployment-2.2.2.Final.jar;C:\Users\n524684\.m2\repository\org\jboss\logging\commons-logging-jboss-logging\1.0.0.Final\commons-logging-jboss-logging-1.0.0.Final.jar;C:\Users\n524684\.m2\repository\org\junit\jupiter\junit-jupiter\5.7.2\junit-jupiter-5.7.2.jar;C:\Users\n524684\.m2\repository\org\junit\jupiter\junit-jupiter-params\5.7.2\junit-jupiter-params-5.7.2.jar;C:\Users\n524684\.m2\repository\org\junit\jupiter\junit-jupiter-engine\5.7.2\junit-jupiter-engine-5.7.2.jar;C:\Users\n524684\.m2\repository\org\junit\platform\junit-platform-engine\1.7.2\junit-platform-engine-1.7.2.jar;C:\Users\n524684\.m2\repository\com\thoughtworks\xstream\xstream\1.4.17\xstream-1.4.17.jar;C:\Users\n524684\.m2\repository\io\github\x-stream\mxparser\1.2.1\mxparser-1.2.1.jar;C:\Users\n524684\.m2\repository\xmlpull\xmlpull\1.1.3.1\xmlpull-1.1.3.1.jar;C:\Users\n524684\.m2\repository\io\rest-assured\rest-assured\4.4.0\rest-assured-4.4.0.jar;C:\Users\n524684\.m2\repository\org\codehaus\groovy\groovy\3.0.8\groovy-3.0.8.jar;C:\Users\n524684\.m2\repository\org\codehaus\groovy\groovy-xml\3.0.8\groovy-xml-3.0.8.jar;C:\Users\n524684\.m2\repository\org\apache\httpcomponents\httpclient\4.5.13\httpclient-4.5.13.jar;C:\Users\n524684\.m2\repository\org\apache\httpcomponents\httpcore\4.4.14\httpcore-4.4.14.jar;C:\Users\n524684\.m2\repository\commons-codec\commons-codec\1.15\commons-codec-1.15.jar;C:\Users\n524684\.m2\repository\org\apache\httpcomponents\httpmime\4.5.13\httpmime-4.5.13.jar;C:\Users\n524684\.m2\repository\org\hamcrest\hamcrest\2.1\hamcrest-2.1.jar;C:\Users\n524684\.m2\repository\org\ccil\cowan\tagsoup\tagsoup\1.2.1\tagsoup-1.2.1.jar;C:\Users\n524684\.m2\repository\io\rest-assured\json-path\4.4.0\json-path-4.4.0.jar;C:\Users\n524684\.m2\repository\org\codehaus\groovy\groovy-json\3.0.8\groovy-json-3.0.8.jar;C:\Users\n524684\.m2\repository\io\rest-assured\rest-assured-common\4.4.0\rest-assured-common-4.4.0.jar;C:\Users\n524684\.m2\repository\io\rest-assured\xml-path\4.4.0\xml-path-4.4.0.jar;C:\Users\n524684\.m2\repository\org\apache\commons\commons-lang3\3.12.0\commons-lang3-3.12.0.jar;C:\Users\n524684\.m2\repository\jakarta\xml\bind\jakarta.xml.bind-api\2.3.3\jakarta.xml.bind-api-2.3.3.jar;C:\Users\n524684\.m2\repository\com\sun\xml\bind\jaxb-impl\2.3.3\jaxb-impl-2.3.3.jar;C:\Users\n524684\.m2\repository\com\fasterxml\jackson\core\jackson-databind\2.12.4\jackson-databind-2.12.4.jar;C:\Users\n524684\.m2\repository\com\fasterxml\jackson\core\jackson-annotations\2.12.4\jackson-annotations-2.12.4.jar;C:\Users\n524684\.m2\repository\com\fasterxml\jackson\core\jackson-core\2.12.4\jackson-core-2.12.4.jar;C:\Users\n524684\.m2\repository\org\testcontainers\junit-jupiter\1.12.2\junit-jupiter-1.12.2.jar;C:\Users\n524684\.m2\repository\org\testcontainers\testcontainers\1.15.3\testcontainers-1.15.3.jar;C:\Users\n524684\.m2\repository\junit\junit\4.13.1\junit-4.13.1.jar;C:\Users\n524684\.m2\repository\org\hamcrest\hamcrest-core\1.3\hamcrest-core-1.3.jar;C:\Users\n524684\.m2\repository\org\apache\commons\commons-compress\1.21\commons-compress-1.21.jar;C:\Users\n524684\.m2\repository\org\rnorth\duct-tape\duct-tape\1.0.8\duct-tape-1.0.8.jar;C:\Users\n524684\.m2\repository\org\rnorth\visible-assertions\visible-assertions\2.1.2\visible-assertions-2.1.2.jar;C:\Users\n524684\.m2\repository\net\java\dev\jna\jna\5.8.0\jna-5.8.0.jar;C:\Users\n524684\.m2\repository\com\github\docker-java\docker-java-api\3.2.8\docker-java-api-3.2.8.jar;C:\Users\n524684\.m2\repository\com\github\docker-java\docker-java-transport-zerodep\3.2.8\docker-java-transport-zerodep-3.2.8.jar;C:\Users\n524684\.m2\repository\com\github\docker-java\docker-java-transport\3.2.8\docker-java-transport-3.2.8.jar;C:\Users\n524684\.m2\repository\org\junit\jupiter\junit-jupiter-api\5.7.2\junit-jupiter-api-5.7.2.jar;C:\Users\n524684\.m2\repository\org\apiguardian\apiguardian-api\1.1.0\apiguardian-api-1.1.0.jar;C:\Users\n524684\.m2\repository\org\opentest4j\opentest4j\1.2.0\opentest4j-1.2.0.jar;C:\Users\n524684\.m2\repository\org\junit\platform\junit-platform-commons\1.7.2\junit-platform-commons-1.7.2.jar;C:\Users\n524684\.m2\repository\org\testcontainers\postgresql\1.12.2\postgresql-1.12.2.jar;C:\Users\n524684\.m2\repository\org\testcontainers\jdbc\1.15.3\jdbc-1.15.3.jar;C:\Users\n524684\.m2\repository\org\testcontainers\database-commons\1.15.3\database-commons-1.15.3.jar;"/>
    <property name="java.vm.vendor" value="Oracle Corporation"/>
    <property name="sun.arch.data.model" value="64"/>
    <property name="user.variant" value=""/>
    <property name="java.vendor.url" value="http://java.oracle.com/"/>
    <property name="user.timezone" value="Europe/Paris"/>
    <property name="java.vm.specification.version" value="11"/>
    <property name="os.name" value="Windows 10"/>
    <property name="sun.java.launcher" value="SUN_STANDARD"/>
    <property name="user.country" value="ES"/>
    <property name="mp.openapi.extensions.smallrye.defaultProduces" value="application/json"/>
    <property name="sun.boot.library.path" value="C:\Program Files\Java\jdk-11.0.6\bin"/>
    <property name="sun.java.command" value="C:\Users\n524684\AppData\Local\Temp\Mxt206\tmp\surefire15036072945964565184\surefirebooter15337294652666019500.jar C:\Users\n524684\AppData\Local\Temp\Mxt206\tmp\surefire15036072945964565184 2021-09-14T16-09-38_272-jvmRun1 surefire11469221036860817473tmp surefire_012352985889070968668tmp"/>
    <property name="jdk.debug" value="release"/>
    <property name="surefire.test.class.path" value="C:\Users\n524684\repositorios\games\quarkus-workshop-super-heroes\super-heroes\rest-villain\target\test-classes;C:\Users\n524684\repositorios\games\quarkus-workshop-super-heroes\super-heroes\rest-villain\target\classes;C:\Users\n524684\.m2\repository\io\quarkus\quarkus-resteasy\2.2.2.Final\quarkus-resteasy-2.2.2.Final.jar;C:\Users\n524684\.m2\repository\io\quarkus\quarkus-vertx-http\2.2.2.Final\quarkus-vertx-http-2.2.2.Final.jar;C:\Users\n524684\.m2\repository\io\quarkus\quarkus-security-runtime-spi\2.2.2.Final\quarkus-security-runtime-spi-2.2.2.Final.jar;C:\Users\n524684\.m2\repository\io\quarkus\quarkus-mutiny\2.2.2.Final\quarkus-mutiny-2.2.2.Final.jar;C:\Users\n524684\.m2\repository\io\smallrye\reactive\mutiny\1.0.0\mutiny-1.0.0.jar;C:\Users\n524684\.m2\repository\org\reactivestreams\reactive-streams\1.0.3\reactive-streams-1.0.3.jar;C:\Users\n524684\.m2\repository\io\quarkus\quarkus-smallrye-context-propagation\2.2.2.Final\quarkus-smallrye-context-propagation-2.2.2.Final.jar;C:\Users\n524684\.m2\repository\io\smallrye\smallrye-context-propagation\1.2.0\smallrye-context-propagation-1.2.0.jar;C:\Users\n524684\.m2\repository\io\smallrye\smallrye-context-propagation-api\1.2.0\smallrye-context-propagation-api-1.2.0.jar;C:\Users\n524684\.m2\repository\io\smallrye\smallrye-context-propagation-storage\1.2.0\smallrye-context-propagation-storage-1.2.0.jar;C:\Users\n524684\.m2\repository\io\smallrye\reactive\mutiny-smallrye-context-propagation\1.0.0\mutiny-smallrye-context-propagation-1.0.0.jar;C:\Users\n524684\.m2\repository\io\quarkus\quarkus-vertx-http-dev-console-runtime-spi\2.2.2.Final\quarkus-vertx-http-dev-console-runtime-spi-2.2.2.Final.jar;C:\Users\n524684\.m2\repository\io\quarkus\security\quarkus-security\1.1.4.Final\quarkus-security-1.1.4.Final.jar;C:\Users\n524684\.m2\repository\io\quarkus\quarkus-vertx-core\2.2.2.Final\quarkus-vertx-core-2.2.2.Final.jar;C:\Users\n524684\.m2\repository\io\quarkus\quarkus-netty\2.2.2.Final\quarkus-netty-2.2.2.Final.jar;C:\Users\n524684\.m2\repository\io\netty\netty-codec\4.1.67.Final\netty-codec-4.1.67.Final.jar;C:\Users\n524684\.m2\repository\io\netty\netty-codec-http\4.1.67.Final\netty-codec-http-4.1.67.Final.jar;C:\Users\n524684\.m2\repository\io\netty\netty-codec-http2\4.1.67.Final\netty-codec-http2-4.1.67.Final.jar;C:\Users\n524684\.m2\repository\io\netty\netty-handler\4.1.67.Final\netty-handler-4.1.67.Final.jar;C:\Users\n524684\.m2\repository\io\netty\netty-codec-haproxy\4.1.67.Final\netty-codec-haproxy-4.1.67.Final.jar;C:\Users\n524684\.m2\repository\io\netty\netty-buffer\4.1.67.Final\netty-buffer-4.1.67.Final.jar;C:\Users\n524684\.m2\repository\io\netty\netty-transport\4.1.67.Final\netty-transport-4.1.67.Final.jar;C:\Users\n524684\.m2\repository\io\vertx\vertx-core\4.1.3\vertx-core-4.1.3.jar;C:\Users\n524684\.m2\repository\io\netty\netty-common\4.1.67.Final\netty-common-4.1.67.Final.jar;C:\Users\n524684\.m2\repository\io\netty\netty-handler-proxy\4.1.67.Final\netty-handler-proxy-4.1.67.Final.jar;C:\Users\n524684\.m2\repository\io\netty\netty-codec-socks\4.1.67.Final\netty-codec-socks-4.1.67.Final.jar;C:\Users\n524684\.m2\repository\io\netty\netty-resolver\4.1.67.Final\netty-resolver-4.1.67.Final.jar;C:\Users\n524684\.m2\repository\io\netty\netty-resolver-dns\4.1.67.Final\netty-resolver-dns-4.1.67.Final.jar;C:\Users\n524684\.m2\repository\io\netty\netty-codec-dns\4.1.67.Final\netty-codec-dns-4.1.67.Final.jar;C:\Users\n524684\.m2\repository\io\vertx\vertx-web\4.1.3\vertx-web-4.1.3.jar;C:\Users\n524684\.m2\repository\io\vertx\vertx-web-common\4.1.3\vertx-web-common-4.1.3.jar;C:\Users\n524684\.m2\repository\io\vertx\vertx-auth-common\4.1.3\vertx-auth-common-4.1.3.jar;C:\Users\n524684\.m2\repository\io\vertx\vertx-bridge-common\4.1.3\vertx-bridge-common-4.1.3.jar;C:\Users\n524684\.m2\repository\io\quarkus\quarkus-resteasy-server-common\2.2.2.Final\quarkus-resteasy-server-common-2.2.2.Final.jar;C:\Users\n524684\.m2\repository\io\quarkus\quarkus-resteasy-common\2.2.2.Final\quarkus-resteasy-common-2.2.2.Final.jar;C:\Users\n524684\.m2\repository\org\jboss\resteasy\resteasy-core\4.7.0.Final\resteasy-core-4.7.0.Final.jar;C:\Users\n524684\.m2\repository\org\jboss\spec\javax\ws\rs\jboss-jaxrs-api_2.1_spec\2.0.1.Final\jboss-jaxrs-api_2.1_spec-2.0.1.Final.jar;C:\Users\n524684\.m2\repository\org\jboss\resteasy\resteasy-core-spi\4.7.0.Final\resteasy-core-spi-4.7.0.Final.jar;C:\Users\n524684\.m2\repository\com\ibm\async\asyncutil\0.1.0\asyncutil-0.1.0.jar;C:\Users\n524684\.m2\repository\com\sun\activation\jakarta.activation\1.2.1\jakarta.activation-1.2.1.jar;C:\Users\n524684\.m2\repository\jakarta\validation\jakarta.validation-api\2.0.2\jakarta.validation-api-2.0.2.jar;C:\Users\n524684\.m2\repository\io\quarkus\quarkus-resteasy-jsonb\2.2.2.Final\quarkus-resteasy-jsonb-2.2.2.Final.jar;C:\Users\n524684\.m2\repository\io\quarkus\quarkus-jsonb\2.2.2.Final\quarkus-jsonb-2.2.2.Final.jar;C:\Users\n524684\.m2\repository\org\eclipse\yasson\1.0.9\yasson-1.0.9.jar;C:\Users\n524684\.m2\repository\org\jboss\resteasy\resteasy-json-binding-provider\4.7.0.Final\resteasy-json-binding-provider-4.7.0.Final.jar;C:\Users\n524684\.m2\repository\org\glassfish\jakarta.json\1.1.6\jakarta.json-1.1.6.jar;C:\Users\n524684\.m2\repository\jakarta\json\bind\jakarta.json.bind-api\1.0.2\jakarta.json.bind-api-1.0.2.jar;C:\Users\n524684\.m2\repository\org\jboss\logging\jboss-logging\3.4.2.Final\jboss-logging-3.4.2.Final.jar;C:\Users\n524684\.m2\repository\org\jboss\resteasy\resteasy-json-p-provider\4.7.0.Final\resteasy-json-p-provider-4.7.0.Final.jar;C:\Users\n524684\.m2\repository\commons-io\commons-io\2.11.0\commons-io-2.11.0.jar;C:\Users\n524684\.m2\repository\io\quarkus\quarkus-hibernate-orm-panache\2.2.2.Final\quarkus-hibernate-orm-panache-2.2.2.Final.jar;C:\Users\n524684\.m2\repository\io\quarkus\quarkus-hibernate-orm\2.2.2.Final\quarkus-hibernate-orm-2.2.2.Final.jar;C:\Users\n524684\.m2\repository\io\quarkus\quarkus-agroal\2.2.2.Final\quarkus-agroal-2.2.2.Final.jar;C:\Users\n524684\.m2\repository\io\quarkus\quarkus-datasource\2.2.2.Final\quarkus-datasource-2.2.2.Final.jar;C:\Users\n524684\.m2\repository\io\quarkus\quarkus-datasource-common\2.2.2.Final\quarkus-datasource-common-2.2.2.Final.jar;C:\Users\n524684\.m2\repository\org\jboss\narayana\jta\narayana-jta\5.12.0.Final\narayana-jta-5.12.0.Final.jar;C:\Users\n524684\.m2\repository\org\jboss\jboss-transaction-spi\7.6.0.Final\jboss-transaction-spi-7.6.0.Final.jar;C:\Users\n524684\.m2\repository\org\jboss\spec\javax\resource\jboss-connector-api_1.7_spec\1.0.0.Final\jboss-connector-api_1.7_spec-1.0.0.Final.jar;C:\Users\n524684\.m2\repository\org\jboss\narayana\jts\narayana-jts-integration\5.12.0.Final\narayana-jts-integration-5.12.0.Final.jar;C:\Users\n524684\.m2\repository\io\agroal\agroal-api\1.12\agroal-api-1.12.jar;C:\Users\n524684\.m2\repository\io\agroal\agroal-narayana\1.12\agroal-narayana-1.12.jar;C:\Users\n524684\.m2\repository\io\agroal\agroal-pool\1.12\agroal-pool-1.12.jar;C:\Users\n524684\.m2\repository\io\quarkus\quarkus-credentials\2.2.2.Final\quarkus-credentials-2.2.2.Final.jar;C:\Users\n524684\.m2\repository\io\quarkus\quarkus-narayana-jta\2.2.2.Final\quarkus-narayana-jta-2.2.2.Final.jar;C:\Users\n524684\.m2\repository\io\smallrye\smallrye-context-propagation-jta\1.2.0\smallrye-context-propagation-jta-1.2.0.jar;C:\Users\n524684\.m2\repository\io\smallrye\reactive\smallrye-reactive-converter-api\2.6.0\smallrye-reactive-converter-api-2.6.0.jar;C:\Users\n524684\.m2\repository\io\smallrye\reactive\smallrye-reactive-converter-mutiny\2.6.0\smallrye-reactive-converter-mutiny-2.6.0.jar;C:\Users\n524684\.m2\repository\org\hibernate\hibernate-core\5.5.7.Final\hibernate-core-5.5.7.Final.jar;C:\Users\n524684\.m2\repository\net\bytebuddy\byte-buddy\1.11.12\byte-buddy-1.11.12.jar;C:\Users\n524684\.m2\repository\antlr\antlr\2.7.7\antlr-2.7.7.jar;C:\Users\n524684\.m2\repository\org\hibernate\common\hibernate-commons-annotations\5.1.2.Final\hibernate-commons-annotations-5.1.2.Final.jar;C:\Users\n524684\.m2\repository\org\hibernate\hibernate-graalvm\5.5.7.Final\hibernate-graalvm-5.5.7.Final.jar;C:\Users\n524684\.m2\repository\org\glassfish\jaxb\jaxb-runtime\2.3.3-b02\jaxb-runtime-2.3.3-b02.jar;C:\Users\n524684\.m2\repository\org\glassfish\jaxb\txw2\2.3.3-b02\txw2-2.3.3-b02.jar;C:\Users\n524684\.m2\repository\com\sun\istack\istack-commons-runtime\3.0.10\istack-commons-runtime-3.0.10.jar;C:\Users\n524684\.m2\repository\org\jboss\spec\javax\xml\bind\jboss-jaxb-api_2.3_spec\2.0.0.Final\jboss-jaxb-api_2.3_spec-2.0.0.Final.jar;C:\Users\n524684\.m2\repository\jakarta\persistence\jakarta.persistence-api\2.2.3\jakarta.persistence-api-2.2.3.jar;C:\Users\n524684\.m2\repository\jakarta\transaction\jakarta.transaction-api\1.3.3\jakarta.transaction-api-1.3.3.jar;C:\Users\n524684\.m2\repository\org\hibernate\quarkus-local-cache\0.1.0\quarkus-local-cache-0.1.0.jar;C:\Users\n524684\.m2\repository\com\github\ben-manes\caffeine\caffeine\2.9.2\caffeine-2.9.2.jar;C:\Users\n524684\.m2\repository\com\google\errorprone\error_prone_annotations\2.2.0\error_prone_annotations-2.2.0.jar;C:\Users\n524684\.m2\repository\io\quarkus\quarkus-caffeine\2.2.2.Final\quarkus-caffeine-2.2.2.Final.jar;C:\Users\n524684\.m2\repository\io\quarkus\quarkus-hibernate-orm-panache-common\2.2.2.Final\quarkus-hibernate-orm-panache-common-2.2.2.Final.jar;C:\Users\n524684\.m2\repository\io\quarkus\quarkus-panache-hibernate-common\2.2.2.Final\quarkus-panache-hibernate-common-2.2.2.Final.jar;C:\Users\n524684\.m2\repository\io\quarkus\quarkus-arc\2.2.2.Final\quarkus-arc-2.2.2.Final.jar;C:\Users\n524684\.m2\repository\io\quarkus\arc\arc\2.2.2.Final\arc-2.2.2.Final.jar;C:\Users\n524684\.m2\repository\org\eclipse\microprofile\context-propagation\microprofile-context-propagation-api\1.2\microprofile-context-propagation-api-1.2.jar;C:\Users\n524684\.m2\repository\io\quarkus\quarkus-panache-common\2.2.2.Final\quarkus-panache-common-2.2.2.Final.jar;C:\Users\n524684\.m2\repository\io\quarkus\quarkus-jdbc-postgresql\2.2.2.Final\quarkus-jdbc-postgresql-2.2.2.Final.jar;C:\Users\n524684\.m2\repository\org\postgresql\postgresql\42.2.23\postgresql-42.2.23.jar;C:\Users\n524684\.m2\repository\io\quarkus\quarkus-hibernate-validator\2.2.2.Final\quarkus-hibernate-validator-2.2.2.Final.jar;C:\Users\n524684\.m2\repository\io\quarkus\quarkus-core\2.2.2.Final\quarkus-core-2.2.2.Final.jar;C:\Users\n524684\.m2\repository\jakarta\annotation\jakarta.annotation-api\1.3.5\jakarta.annotation-api-1.3.5.jar;C:\Users\n524684\.m2\repository\jakarta\enterprise\jakarta.enterprise.cdi-api\2.0.2\jakarta.enterprise.cdi-api-2.0.2.jar;C:\Users\n524684\.m2\repository\jakarta\el\jakarta.el-api\3.0.3\jakarta.el-api-3.0.3.jar;C:\Users\n524684\.m2\repository\jakarta\interceptor\jakarta.interceptor-api\1.2.5\jakarta.interceptor-api-1.2.5.jar;C:\Users\n524684\.m2\repository\jakarta\inject\jakarta.inject-api\1.0\jakarta.inject-api-1.0.jar;C:\Users\n524684\.m2\repository\io\quarkus\quarkus-ide-launcher\2.2.2.Final\quarkus-ide-launcher-2.2.2.Final.jar;C:\Users\n524684\.m2\repository\io\quarkus\quarkus-development-mode-spi\2.2.2.Final\quarkus-development-mode-spi-2.2.2.Final.jar;C:\Users\n524684\.m2\repository\io\smallrye\config\smallrye-config\2.4.4\smallrye-config-2.4.4.jar;C:\Users\n524684\.m2\repository\io\smallrye\config\smallrye-config-core\2.4.4\smallrye-config-core-2.4.4.jar;C:\Users\n524684\.m2\repository\io\smallrye\common\smallrye-common-expression\1.6.0\smallrye-common-expression-1.6.0.jar;C:\Users\n524684\.m2\repository\io\smallrye\common\smallrye-common-function\1.6.0\smallrye-common-function-1.6.0.jar;C:\Users\n524684\.m2\repository\io\smallrye\common\smallrye-common-constraint\1.6.0\smallrye-common-constraint-1.6.0.jar;C:\Users\n524684\.m2\repository\io\smallrye\common\smallrye-common-classloader\1.6.0\smallrye-common-classloader-1.6.0.jar;C:\Users\n524684\.m2\repository\io\smallrye\config\smallrye-config-common\2.4.4\smallrye-config-common-2.4.4.jar;C:\Users\n524684\.m2\repository\org\jboss\logmanager\jboss-logmanager-embedded\1.0.9\jboss-logmanager-embedded-1.0.9.jar;C:\Users\n524684\.m2\repository\org\jboss\logging\jboss-logging-annotations\2.2.1.Final\jboss-logging-annotations-2.2.1.Final.jar;C:\Users\n524684\.m2\repository\org\jboss\threads\jboss-threads\3.4.2.Final\jboss-threads-3.4.2.Final.jar;C:\Users\n524684\.m2\repository\org\slf4j\slf4j-api\1.7.30\slf4j-api-1.7.30.jar;C:\Users\n524684\.m2\repository\org\jboss\slf4j\slf4j-jboss-logmanager\1.1.0.Final\slf4j-jboss-logmanager-1.1.0.Final.jar;C:\Users\n524684\.m2\repository\org\graalvm\sdk\graal-sdk\21.2.0\graal-sdk-21.2.0.jar;C:\Users\n524684\.m2\repository\org\wildfly\common\wildfly-common\1.5.4.Final-format-001\wildfly-common-1.5.4.Final-format-001.jar;C:\Users\n524684\.m2\repository\io\quarkus\quarkus-bootstrap-runner\2.2.2.Final\quarkus-bootstrap-runner-2.2.2.Final.jar;C:\Users\n524684\.m2\repository\org\hibernate\validator\hibernate-validator\6.2.0.Final\hibernate-validator-6.2.0.Final.jar;C:\Users\n524684\.m2\repository\com\fasterxml\classmate\1.5.1\classmate-1.5.1.jar;C:\Users\n524684\.m2\repository\org\glassfish\jakarta.el\3.0.3\jakarta.el-3.0.3.jar;C:\Users\n524684\.m2\repository\io\smallrye\config\smallrye-config-validator\2.4.4\smallrye-config-validator-2.4.4.jar;C:\Users\n524684\.m2\repository\io\quarkus\quarkus-smallrye-openapi\2.2.2.Final\quarkus-smallrye-openapi-2.2.2.Final.jar;C:\Users\n524684\.m2\repository\io\smallrye\smallrye-open-api-core\2.1.10\smallrye-open-api-core-2.1.10.jar;C:\Users\n524684\.m2\repository\org\eclipse\microprofile\openapi\microprofile-openapi-api\2.0.1-RC1\microprofile-openapi-api-2.0.1-RC1.jar;C:\Users\n524684\.m2\repository\org\eclipse\microprofile\config\microprofile-config-api\2.0\microprofile-config-api-2.0.jar;C:\Users\n524684\.m2\repository\com\fasterxml\jackson\dataformat\jackson-dataformat-yaml\2.12.4\jackson-dataformat-yaml-2.12.4.jar;C:\Users\n524684\.m2\repository\org\yaml\snakeyaml\1.29\snakeyaml-1.29.jar;C:\Users\n524684\.m2\repository\org\jboss\jandex\2.3.1.Final\jandex-2.3.1.Final.jar;C:\Users\n524684\.m2\repository\io\quarkus\quarkus-swagger-ui\2.2.2.Final\quarkus-swagger-ui-2.2.2.Final.jar;C:\Users\n524684\.m2\repository\io\quarkus\quarkus-smallrye-health\2.2.2.Final\quarkus-smallrye-health-2.2.2.Final.jar;C:\Users\n524684\.m2\repository\io\smallrye\smallrye-health\3.1.1\smallrye-health-3.1.1.jar;C:\Users\n524684\.m2\repository\org\eclipse\microprofile\health\microprofile-health-api\3.1\microprofile-health-api-3.1.jar;C:\Users\n524684\.m2\repository\io\smallrye\smallrye-health-api\3.1.1\smallrye-health-api-3.1.1.jar;C:\Users\n524684\.m2\repository\io\smallrye\common\smallrye-common-annotation\1.6.0\smallrye-common-annotation-1.6.0.jar;C:\Users\n524684\.m2\repository\io\smallrye\smallrye-health-provided-checks\3.1.1\smallrye-health-provided-checks-3.1.1.jar;C:\Users\n524684\.m2\repository\io\quarkus\quarkus-jsonp\2.2.2.Final\quarkus-jsonp-2.2.2.Final.jar;C:\Users\n524684\.m2\repository\io\quarkus\quarkus-smallrye-metrics\2.2.2.Final\quarkus-smallrye-metrics-2.2.2.Final.jar;C:\Users\n524684\.m2\repository\io\smallrye\smallrye-metrics\3.0.1\smallrye-metrics-3.0.1.jar;C:\Users\n524684\.m2\repository\org\eclipse\microprofile\metrics\microprofile-metrics-api\3.0\microprofile-metrics-api-3.0.jar;C:\Users\n524684\.m2\repository\io\quarkus\quarkus-junit5\2.2.2.Final\quarkus-junit5-2.2.2.Final.jar;C:\Users\n524684\.m2\repository\io\quarkus\quarkus-bootstrap-core\2.2.2.Final\quarkus-bootstrap-core-2.2.2.Final.jar;C:\Users\n524684\.m2\repository\io\quarkus\quarkus-bootstrap-app-model\2.2.2.Final\quarkus-bootstrap-app-model-2.2.2.Final.jar;C:\Users\n524684\.m2\repository\io\quarkus\quarkus-bootstrap-maven-resolver\2.2.2.Final\quarkus-bootstrap-maven-resolver-2.2.2.Final.jar;C:\Users\n524684\.m2\repository\org\apache\maven\maven-embedder\3.8.1\maven-embedder-3.8.1.jar;C:\Users\n524684\.m2\repository\org\apache\maven\maven-settings\3.8.1\maven-settings-3.8.1.jar;C:\Users\n524684\.m2\repository\org\apache\maven\maven-core\3.8.1\maven-core-3.8.1.jar;C:\Users\n524684\.m2\repository\org\apache\maven\maven-artifact\3.8.1\maven-artifact-3.8.1.jar;C:\Users\n524684\.m2\repository\org\codehaus\plexus\plexus-component-annotations\2.1.0\plexus-component-annotations-2.1.0.jar;C:\Users\n524684\.m2\repository\org\apache\maven\maven-plugin-api\3.8.1\maven-plugin-api-3.8.1.jar;C:\Users\n524684\.m2\repository\org\apache\maven\maven-model\3.8.1\maven-model-3.8.1.jar;C:\Users\n524684\.m2\repository\org\apache\maven\maven-model-builder\3.8.1\maven-model-builder-3.8.1.jar;C:\Users\n524684\.m2\repository\org\apache\maven\maven-builder-support\3.8.1\maven-builder-support-3.8.1.jar;C:\Users\n524684\.m2\repository\org\apache\maven\resolver\maven-resolver-api\1.6.2\maven-resolver-api-1.6.2.jar;C:\Users\n524684\.m2\repository\org\apache\maven\resolver\maven-resolver-util\1.6.2\maven-resolver-util-1.6.2.jar;C:\Users\n524684\.m2\repository\org\apache\maven\shared\maven-shared-utils\3.3.3\maven-shared-utils-3.3.3.jar;C:\Users\n524684\.m2\repository\com\google\inject\guice\4.2.1\guice-4.2.1-no_aop.jar;C:\Users\n524684\.m2\repository\com\google\guava\guava\30.1.1-jre\guava-30.1.1-jre.jar;C:\Users\n524684\.m2\repository\com\google\guava\failureaccess\1.0.1\failureaccess-1.0.1.jar;C:\Users\n524684\.m2\repository\com\google\guava\listenablefuture\9999.0-empty-to-avoid-conflict-with-guava\listenablefuture-9999.0-empty-to-avoid-conflict-with-guava.jar;C:\Users\n524684\.m2\repository\org\codehaus\plexus\plexus-utils\3.2.1\plexus-utils-3.2.1.jar;C:\Users\n524684\.m2\repository\org\codehaus\plexus\plexus-classworlds\2.6.0\plexus-classworlds-2.6.0.jar;C:\Users\n524684\.m2\repository\commons-cli\commons-cli\1.4\commons-cli-1.4.jar;C:\Users\n524684\.m2\repository\org\eclipse\sisu\org.eclipse.sisu.plexus\0.3.4\org.eclipse.sisu.plexus-0.3.4.jar;C:\Users\n524684\.m2\repository\org\apache\maven\maven-settings-builder\3.8.1\maven-settings-builder-3.8.1.jar;C:\Users\n524684\.m2\repository\org\codehaus\plexus\plexus-interpolation\1.25\plexus-interpolation-1.25.jar;C:\Users\n524684\.m2\repository\org\sonatype\plexus\plexus-sec-dispatcher\1.4\plexus-sec-dispatcher-1.4.jar;C:\Users\n524684\.m2\repository\org\sonatype\plexus\plexus-cipher\1.4\plexus-cipher-1.4.jar;C:\Users\n524684\.m2\repository\org\apache\maven\maven-resolver-provider\3.8.1\maven-resolver-provider-3.8.1.jar;C:\Users\n524684\.m2\repository\org\apache\maven\maven-repository-metadata\3.8.1\maven-repository-metadata-3.8.1.jar;C:\Users\n524684\.m2\repository\org\apache\maven\resolver\maven-resolver-spi\1.6.2\maven-resolver-spi-1.6.2.jar;C:\Users\n524684\.m2\repository\org\apache\maven\resolver\maven-resolver-impl\1.6.2\maven-resolver-impl-1.6.2.jar;C:\Users\n524684\.m2\repository\org\apache\maven\resolver\maven-resolver-connector-basic\1.6.2\maven-resolver-connector-basic-1.6.2.jar;C:\Users\n524684\.m2\repository\org\apache\maven\resolver\maven-resolver-transport-wagon\1.6.2\maven-resolver-transport-wagon-1.6.2.jar;C:\Users\n524684\.m2\repository\org\apache\maven\wagon\wagon-http\3.4.3\wagon-http-3.4.3.jar;C:\Users\n524684\.m2\repository\org\apache\maven\wagon\wagon-http-shared\3.4.3\wagon-http-shared-3.4.3.jar;C:\Users\n524684\.m2\repository\org\jsoup\jsoup\1.12.1\jsoup-1.12.1.jar;C:\Users\n524684\.m2\repository\org\apache\maven\wagon\wagon-provider-api\3.4.3\wagon-provider-api-3.4.3.jar;C:\Users\n524684\.m2\repository\org\apache\maven\wagon\wagon-file\3.4.3\wagon-file-3.4.3.jar;C:\Users\n524684\.m2\repository\io\quarkus\quarkus-bootstrap-gradle-resolver\2.2.2.Final\quarkus-bootstrap-gradle-resolver-2.2.2.Final.jar;C:\Users\n524684\.m2\repository\io\smallrye\common\smallrye-common-io\1.6.0\smallrye-common-io-1.6.0.jar;C:\Users\n524684\.m2\repository\org\eclipse\sisu\org.eclipse.sisu.inject\0.3.4\org.eclipse.sisu.inject-0.3.4.jar;C:\Users\n524684\.m2\repository\io\quarkus\quarkus-test-common\2.2.2.Final\quarkus-test-common-2.2.2.Final.jar;C:\Users\n524684\.m2\repository\io\quarkus\quarkus-core-deployment\2.2.2.Final\quarkus-core-deployment-2.2.2.Final.jar;C:\Users\n524684\.m2\repository\org\aesh\readline\2.1\readline-2.1.jar;C:\Users\n524684\.m2\repository\org\fusesource\jansi\jansi\1.18\jansi-1.18.jar;C:\Users\n524684\.m2\repository\io\quarkus\gizmo\gizmo\1.0.9.Final\gizmo-1.0.9.Final.jar;C:\Users\n524684\.m2\repository\org\ow2\asm\asm-util\9.1\asm-util-9.1.jar;C:\Users\n524684\.m2\repository\org\ow2\asm\asm-tree\9.1\asm-tree-9.1.jar;C:\Users\n524684\.m2\repository\org\ow2\asm\asm-analysis\9.1\asm-analysis-9.1.jar;C:\Users\n524684\.m2\repository\org\ow2\asm\asm\9.1\asm-9.1.jar;C:\Users\n524684\.m2\repository\io\quarkus\quarkus-class-change-agent\2.2.2.Final\quarkus-class-change-agent-2.2.2.Final.jar;C:\Users\n524684\.m2\repository\io\quarkus\quarkus-devtools-utilities\2.2.2.Final\quarkus-devtools-utilities-2.2.2.Final.jar;C:\Users\n524684\.m2\repository\io\quarkus\quarkus-builder\2.2.2.Final\quarkus-builder-2.2.2.Final.jar;C:\Users\n524684\.m2\repository\org\junit\platform\junit-platform-launcher\1.7.2\junit-platform-launcher-1.7.2.jar;C:\Users\n524684\.m2\repository\io\quarkus\quarkus-jsonp-deployment\2.2.2.Final\quarkus-jsonp-deployment-2.2.2.Final.jar;C:\Users\n524684\.m2\repository\org\jboss\logging\commons-logging-jboss-logging\1.0.0.Final\commons-logging-jboss-logging-1.0.0.Final.jar;C:\Users\n524684\.m2\repository\org\junit\jupiter\junit-jupiter\5.7.2\junit-jupiter-5.7.2.jar;C:\Users\n524684\.m2\repository\org\junit\jupiter\junit-jupiter-params\5.7.2\junit-jupiter-params-5.7.2.jar;C:\Users\n524684\.m2\repository\org\junit\jupiter\junit-jupiter-engine\5.7.2\junit-jupiter-engine-5.7.2.jar;C:\Users\n524684\.m2\repository\org\junit\platform\junit-platform-engine\1.7.2\junit-platform-engine-1.7.2.jar;C:\Users\n524684\.m2\repository\com\thoughtworks\xstream\xstream\1.4.17\xstream-1.4.17.jar;C:\Users\n524684\.m2\repository\io\github\x-stream\mxparser\1.2.1\mxparser-1.2.1.jar;C:\Users\n524684\.m2\repository\xmlpull\xmlpull\1.1.3.1\xmlpull-1.1.3.1.jar;C:\Users\n524684\.m2\repository\io\rest-assured\rest-assured\4.4.0\rest-assured-4.4.0.jar;C:\Users\n524684\.m2\repository\org\codehaus\groovy\groovy\3.0.8\groovy-3.0.8.jar;C:\Users\n524684\.m2\repository\org\codehaus\groovy\groovy-xml\3.0.8\groovy-xml-3.0.8.jar;C:\Users\n524684\.m2\repository\org\apache\httpcomponents\httpclient\4.5.13\httpclient-4.5.13.jar;C:\Users\n524684\.m2\repository\org\apache\httpcomponents\httpcore\4.4.14\httpcore-4.4.14.jar;C:\Users\n524684\.m2\repository\commons-codec\commons-codec\1.15\commons-codec-1.15.jar;C:\Users\n524684\.m2\repository\org\apache\httpcomponents\httpmime\4.5.13\httpmime-4.5.13.jar;C:\Users\n524684\.m2\repository\org\hamcrest\hamcrest\2.1\hamcrest-2.1.jar;C:\Users\n524684\.m2\repository\org\ccil\cowan\tagsoup\tagsoup\1.2.1\tagsoup-1.2.1.jar;C:\Users\n524684\.m2\repository\io\rest-assured\json-path\4.4.0\json-path-4.4.0.jar;C:\Users\n524684\.m2\repository\org\codehaus\groovy\groovy-json\3.0.8\groovy-json-3.0.8.jar;C:\Users\n524684\.m2\repository\io\rest-assured\rest-assured-common\4.4.0\rest-assured-common-4.4.0.jar;C:\Users\n524684\.m2\repository\io\rest-assured\xml-path\4.4.0\xml-path-4.4.0.jar;C:\Users\n524684\.m2\repository\org\apache\commons\commons-lang3\3.12.0\commons-lang3-3.12.0.jar;C:\Users\n524684\.m2\repository\jakarta\xml\bind\jakarta.xml.bind-api\2.3.3\jakarta.xml.bind-api-2.3.3.jar;C:\Users\n524684\.m2\repository\com\sun\xml\bind\jaxb-impl\2.3.3\jaxb-impl-2.3.3.jar;C:\Users\n524684\.m2\repository\com\fasterxml\jackson\core\jackson-databind\2.12.4\jackson-databind-2.12.4.jar;C:\Users\n524684\.m2\repository\com\fasterxml\jackson\core\jackson-annotations\2.12.4\jackson-annotations-2.12.4.jar;C:\Users\n524684\.m2\repository\com\fasterxml\jackson\core\jackson-core\2.12.4\jackson-core-2.12.4.jar;C:\Users\n524684\.m2\repository\org\testcontainers\junit-jupiter\1.12.2\junit-jupiter-1.12.2.jar;C:\Users\n524684\.m2\repository\org\testcontainers\testcontainers\1.15.3\testcontainers-1.15.3.jar;C:\Users\n524684\.m2\repository\junit\junit\4.13.1\junit-4.13.1.jar;C:\Users\n524684\.m2\repository\org\hamcrest\hamcrest-core\1.3\hamcrest-core-1.3.jar;C:\Users\n524684\.m2\repository\org\apache\commons\commons-compress\1.21\commons-compress-1.21.jar;C:\Users\n524684\.m2\repository\org\rnorth\duct-tape\duct-tape\1.0.8\duct-tape-1.0.8.jar;C:\Users\n524684\.m2\repository\org\rnorth\visible-assertions\visible-assertions\2.1.2\visible-assertions-2.1.2.jar;C:\Users\n524684\.m2\repository\net\java\dev\jna\jna\5.8.0\jna-5.8.0.jar;C:\Users\n524684\.m2\repository\com\github\docker-java\docker-java-api\3.2.8\docker-java-api-3.2.8.jar;C:\Users\n524684\.m2\repository\com\github\docker-java\docker-java-transport-zerodep\3.2.8\docker-java-transport-zerodep-3.2.8.jar;C:\Users\n524684\.m2\repository\com\github\docker-java\docker-java-transport\3.2.8\docker-java-transport-3.2.8.jar;C:\Users\n524684\.m2\repository\org\junit\jupiter\junit-jupiter-api\5.7.2\junit-jupiter-api-5.7.2.jar;C:\Users\n524684\.m2\repository\org\apiguardian\apiguardian-api\1.1.0\apiguardian-api-1.1.0.jar;C:\Users\n524684\.m2\repository\org\opentest4j\opentest4j\1.2.0\opentest4j-1.2.0.jar;C:\Users\n524684\.m2\repository\org\junit\platform\junit-platform-commons\1.7.2\junit-platform-commons-1.7.2.jar;C:\Users\n524684\.m2\repository\org\testcontainers\postgresql\1.12.2\postgresql-1.12.2.jar;C:\Users\n524684\.m2\repository\org\testcontainers\jdbc\1.15.3\jdbc-1.15.3.jar;C:\Users\n524684\.m2\repository\org\testcontainers\database-commons\1.15.3\database-commons-1.15.3.jar;"/>
    <property name="sun.cpu.endian" value="little"/>
    <property name="user.home" value="C:\Users\n524684"/>
    <property name="user.language" value="es"/>
    <property name="java.specification.vendor" value="Oracle Corporation"/>
    <property name="io.netty.allocator.maxOrder" value="3"/>
    <property name="java.version.date" value="2020-01-14"/>
    <property name="java.home" value="C:\Program Files\Java\jdk-11.0.6"/>
    <property name="file.separator" value="\"/>
    <property name="basedir" value="C:\Users\n524684\repositorios\games\quarkus-workshop-super-heroes\super-heroes\rest-villain"/>
    <property name="java.vm.compressedOopsMode" value="Zero based"/>
    <property name="line.separator" value="&#10;"/>
    <property name="java.specification.name" value="Java Platform API Specification"/>
    <property name="java.vm.specification.vendor" value="Oracle Corporation"/>
    <property name="java.awt.graphicsenv" value="sun.awt.Win32GraphicsEnvironment"/>
    <property name="surefire.real.class.path" value="C:\Users\n524684\AppData\Local\Temp\Mxt206\tmp\surefire15036072945964565184\surefirebooter15337294652666019500.jar"/>
    <property name="user.script" value=""/>
    <property name="sun.management.compiler" value="HotSpot 64-Bit Tiered Compilers"/>
    <property name="java.runtime.version" value="11.0.6+8-LTS"/>
    <property name="user.name" value="n524684"/>
    <property name="path.separator" value=";"/>
    <property name="os.version" value="10.0"/>
    <property name="java.runtime.name" value="Java(TM) SE Runtime Environment"/>
    <property name="file.encoding" value="Cp1252"/>
    <property name="java.vm.name" value="Java HotSpot(TM) 64-Bit Server VM"/>
    <property name="java.vendor.version" value="18.9"/>
    <property name="localRepository" value="C:\Users\n524684\.m2\repository"/>
    <property name="java.vendor.url.bug" value="http://bugreport.java.com/bugreport/"/>
    <property name="java.io.tmpdir" value="C:\Users\n524684\AppData\Local\Temp\Mxt206\tmp\"/>
    <property name="quarkus.log.file.path" value="target\quarkus.log"/>
    <property name="java.version" value="11.0.6"/>
    <property name="user.dir" value="C:\Users\n524684\repositorios\games\quarkus-workshop-super-heroes\super-heroes\rest-villain"/>
    <property name="os.arch" value="amd64"/>
    <property name="hibernate.bytecode.provider" value="none"/>
    <property name="java.vm.specification.name" value="Java Virtual Machine Specification"/>
    <property name="java.awt.printerjob" value="sun.awt.windows.WPrinterJob"/>
    <property name="sun.os.patch.level" value=""/>
    <property name="java.util.logging.manager" value="org.jboss.logmanager.LogManager"/>
    <property name="java.library.path" value="C:\Program Files\Java\jdk-11.0.6\bin;C:\WINDOWS\Sun\Java\bin;C:\WINDOWS\system32;C:\WINDOWS;C:\Users\n524684\AppData\Local\Temp\Mxt206\bin;C:\Users\n524684\AppData\Local\Temp\Mxt206\bin;C:\Users\n524684\AppData\Local\Temp\Mxt206\bin;C:\Users\n524684\AppData\Local\Temp\Mxt206\bin;C:\WINDOWS;C:\WINDOWS\system32;C:\ORACLE\product\19.0.0\client_1\bin;C:\Program Files\Python\Scripts;C:\Program Files\Python;C:\Program Files (x86)\Common Files\Oracle\Java\javapath;C:\WINDOWS\system32;C:\WINDOWS;C:\WINDOWS\System32\Wbem;C:\WINDOWS\System32\WindowsPowerShell\v1.0;C:\Program Files\WindowsPowerShell\Scripts\HP.ClientScriptLibrary;C:\Program Files (x86)\Java\jre1.8.0_251\bin;C:\Program Files (x86)\Enterprise Vault\EVClient\x64;C:\Program Files (x86)\Microsoft SDKs\TypeScript\1.0;C:\Program Files\Microsoft SQL Server\120\Tools\Binn;C:\Program Files (x86)\apache-maven-3.6.0\bin;C:\Program Files\Git\cmd;C:\WINDOWS\system32;C:\WINDOWS;C:\WINDOWS\System32\Wbem;C:\WINDOWS\System32\WindowsPowerShell\v1.0;C:\Program Files\Java\jdk-11.0.6\bin;C:\Program Files\Java\jdk-11.0.6\bin;C:\Users\n524684\AppData\Local\Microsoft\WindowsApps;C:\WINDOWS\sysnative;C:\Users\n524684\Documents\portable\oc\;."/>
    <property name="java.vendor" value="Oracle Corporation"/>
    <property name="java.vm.info" value="mixed mode"/>
    <property name="vertx.disableTCCL" value="true"/>
    <property name="java.vm.version" value="11.0.6+8-LTS"/>
    <property name="sun.io.unicode.encoding" value="UnicodeLittle"/>
    <property name="io.netty.machineId" value="dd:9a:d7:c6:76:0c:69:5d"/>
    <property name="java.class.version" value="55.0"/>
    <property name="mp.openapi.extensions.smallrye.defaultConsumes" value="application/json"/>
  </properties>
  <testcase name="shouldGetInitialItems" classname="io.quarkus.workshop.superheroes.villain.VillainResourceTest" time="0.007">
    <error type="java.lang.RuntimeException"><![CDATA[java.lang.RuntimeException: java.lang.RuntimeException: Failed to start quarkus
Caused by: java.lang.RuntimeException: Failed to start quarkus
Caused by: java.lang.RuntimeException: javax.persistence.PersistenceException: [PersistenceUnit: <default>] Unable to build Hibernate SessionFactory
Caused by: javax.persistence.PersistenceException: [PersistenceUnit: <default>] Unable to build Hibernate SessionFactory
Caused by: org.hibernate.exception.JDBCConnectionException: Unable to open JDBC Connection for DDL execution
Caused by: org.postgresql.util.PSQLException: El intento de conexión falló.
Caused by: java.net.SocketTimeoutException: connect timed out
]]></error>
    <system-out><![CDATA[&amp#27;[38;5;145m16:09:52&amp#27;[39m&amp#27;[38;5;188m &amp#27;[39m&amp#27;[38;5;137mWARN &amp#27;[39m&amp#27;[38;5;188m [&amp#27;[39m&amp#27;[38;5;69mio.qu.config&amp#27;[39m&amp#27;[38;5;188m] (&amp#27;[39m&amp#27;[38;5;71mmain&amp#27;[39m&amp#27;[38;5;188m) &amp#27;[39m&amp#27;[38;5;151m&amp#27;[39mUnrecognized configuration key "&amp#27;[38;5;188mquarkus.kubernetes-client.namespace&amp#27;[39m" was provided; it will be ignored; verify that the dependency extension for this configuration is set or that you did not make a typo&amp#27;[39m&amp#27;[38;5;203m&amp#27;[39m&amp#27;[38;5;227m
&amp#27;[39m&amp#27;[38;5;145m16:09:52&amp#27;[39m&amp#27;[38;5;188m &amp#27;[39m&amp#27;[38;5;137mWARN &amp#27;[39m&amp#27;[38;5;188m [&amp#27;[39m&amp#27;[38;5;69mio.qu.config&amp#27;[39m&amp#27;[38;5;188m] (&amp#27;[39m&amp#27;[38;5;71mmain&amp#27;[39m&amp#27;[38;5;188m) &amp#27;[39m&amp#27;[38;5;151m&amp#27;[39mUnrecognized configuration key "&amp#27;[38;5;188mquarkus.kubernetes-client.trust-certs&amp#27;[39m" was provided; it will be ignored; verify that the dependency extension for this configuration is set or that you did not make a typo&amp#27;[39m&amp#27;[38;5;203m&amp#27;[39m&amp#27;[38;5;227m
&amp#27;[39m&amp#27;[38;5;145m16:09:52&amp#27;[39m&amp#27;[38;5;188m &amp#27;[39m&amp#27;[38;5;137mWARN &amp#27;[39m&amp#27;[38;5;188m [&amp#27;[39m&amp#27;[38;5;69mio.qu.config&amp#27;[39m&amp#27;[38;5;188m] (&amp#27;[39m&amp#27;[38;5;71mmain&amp#27;[39m&amp#27;[38;5;188m) &amp#27;[39m&amp#27;[38;5;151m&amp#27;[39mUnrecognized configuration key "&amp#27;[38;5;188mquarkus.openshift.expose&amp#27;[39m" was provided; it will be ignored; verify that the dependency extension for this configuration is set or that you did not make a typo&amp#27;[39m&amp#27;[38;5;203m&amp#27;[39m&amp#27;[38;5;227m
&amp#27;[39m&amp#27;[38;5;145m16:09:52&amp#27;[39m&amp#27;[38;5;188m &amp#27;[39m&amp#27;[38;5;137mWARN &amp#27;[39m&amp#27;[38;5;188m [&amp#27;[39m&amp#27;[38;5;69mio.qu.config&amp#27;[39m&amp#27;[38;5;188m] (&amp#27;[39m&amp#27;[38;5;71mmain&amp#27;[39m&amp#27;[38;5;188m) &amp#27;[39m&amp#27;[38;5;151m&amp#27;[39mUnrecognized configuration key "&amp#27;[38;5;188mquarkus.datasource.max-size&amp#27;[39m" was provided; it will be ignored; verify that the dependency extension for this configuration is set or that you did not make a typo&amp#27;[39m&amp#27;[38;5;203m&amp#27;[39m&amp#27;[38;5;227m
&amp#27;[39m&amp#27;[38;5;145m16:09:52&amp#27;[39m&amp#27;[38;5;188m &amp#27;[39m&amp#27;[38;5;137mWARN &amp#27;[39m&amp#27;[38;5;188m [&amp#27;[39m&amp#27;[38;5;69mio.qu.config&amp#27;[39m&amp#27;[38;5;188m] (&amp#27;[39m&amp#27;[38;5;71mmain&amp#27;[39m&amp#27;[38;5;188m) &amp#27;[39m&amp#27;[38;5;151m&amp#27;[39mUnrecognized configuration key "&amp#27;[38;5;188mquarkus.datasource.min-size&amp#27;[39m" was provided; it will be ignored; verify that the dependency extension for this configuration is set or that you did not make a typo&amp#27;[39m&amp#27;[38;5;203m&amp#27;[39m&amp#27;[38;5;227m
&amp#27;[39m&amp#27;[38;5;145m16:10:04&amp#27;[39m&amp#27;[38;5;188m &amp#27;[39m&amp#27;[38;5;137mWARN &amp#27;[39m&amp#27;[38;5;188m [&amp#27;[39m&amp#27;[38;5;69mio.ag.pool&amp#27;[39m&amp#27;[38;5;188m] (&amp#27;[39m&amp#27;[38;5;71magroal-11&amp#27;[39m&amp#27;[38;5;188m) &amp#27;[39m&amp#27;[38;5;151mDatasource '<default>': El intento de conexión falló.&amp#27;[39m&amp#27;[38;5;203m&amp#27;[39m&amp#27;[38;5;227m
&amp#27;[39m&amp#27;[38;5;145m16:10:04&amp#27;[39m&amp#27;[38;5;188m &amp#27;[39m&amp#27;[38;5;137mWARN &amp#27;[39m&amp#27;[38;5;188m [&amp#27;[39m&amp#27;[38;5;69mor.hi.en.jd.en.in.JdbcEnvironmentInitiator&amp#27;[39m&amp#27;[38;5;188m] (&amp#27;[39m&amp#27;[38;5;71mJPA Startup Thread: <default>&amp#27;[39m&amp#27;[38;5;188m) &amp#27;[39m&amp#27;[38;5;151mHHH000342: Could not obtain connection to query metadata&amp#27;[39m&amp#27;[38;5;203m: org.postgresql.util.PSQLException: El intento de conexión falló.
	at org.postgresql.core.v3.ConnectionFactoryImpl.openConnectionImpl(ConnectionFactoryImpl.java:315)
	at org.postgresql.core.ConnectionFactory.openConnection(ConnectionFactory.java:51)
	at org.postgresql.jdbc.PgConnection.<init>(PgConnection.java:223)
	at org.postgresql.Driver.makeConnection(Driver.java:465)
	at org.postgresql.Driver.connect(Driver.java:264)
	at io.agroal.pool.ConnectionFactory.createConnection(ConnectionFactory.java:204)
	at io.agroal.pool.ConnectionPool$CreateConnectionTask.call(ConnectionPool.java:470)
	at io.agroal.pool.ConnectionPool$CreateConnectionTask.call(ConnectionPool.java:452)
	at java.base/java.util.concurrent.FutureTask.run(FutureTask.java:264)
	at io.agroal.pool.util.PriorityScheduledExecutor.beforeExecute(PriorityScheduledExecutor.java:68)
	at java.base/java.util.concurrent.ThreadPoolExecutor.runWorker(ThreadPoolExecutor.java:1126)
	at java.base/java.util.concurrent.ThreadPoolExecutor$Worker.run(ThreadPoolExecutor.java:628)
	at java.base/java.lang.Thread.run(Thread.java:834)
Caused by: java.net.SocketTimeoutException: connect timed out
	at java.base/java.net.PlainSocketImpl.waitForConnect(Native Method)
	at java.base/java.net.PlainSocketImpl.socketConnect(PlainSocketImpl.java:107)
	at java.base/java.net.AbstractPlainSocketImpl.doConnect(AbstractPlainSocketImpl.java:399)
	at java.base/java.net.AbstractPlainSocketImpl.connectToAddress(AbstractPlainSocketImpl.java:242)
	at java.base/java.net.AbstractPlainSocketImpl.connect(AbstractPlainSocketImpl.java:224)
	at java.base/java.net.SocksSocketImpl.connect(SocksSocketImpl.java:403)
	at java.base/java.net.Socket.connect(Socket.java:608)
	at org.postgresql.core.PGStream.createSocket(PGStream.java:231)
	at org.postgresql.core.PGStream.<init>(PGStream.java:95)
	at org.postgresql.core.v3.ConnectionFactoryImpl.tryConnect(ConnectionFactoryImpl.java:98)
	at org.postgresql.core.v3.ConnectionFactoryImpl.openConnectionImpl(ConnectionFactoryImpl.java:213)
	... 12 more
&amp#27;[39m&amp#27;[38;5;227m
&amp#27;[39m&amp#27;[38;5;145m16:10:14&amp#27;[39m&amp#27;[38;5;188m &amp#27;[39m&amp#27;[38;5;137mWARN &amp#27;[39m&amp#27;[38;5;188m [&amp#27;[39m&amp#27;[38;5;69mio.ag.pool&amp#27;[39m&amp#27;[38;5;188m] (&amp#27;[39m&amp#27;[38;5;71magroal-11&amp#27;[39m&amp#27;[38;5;188m) &amp#27;[39m&amp#27;[38;5;151mDatasource '<default>': El intento de conexión falló.&amp#27;[39m&amp#27;[38;5;203m&amp#27;[39m&amp#27;[38;5;227m
&amp#27;[39m&amp#27;[38;5;145m16:10:14&amp#27;[39m&amp#27;[38;5;188m &amp#27;[39m&amp#27;[38;5;137mWARN &amp#27;[39m&amp#27;[38;5;188m [&amp#27;[39m&amp#27;[38;5;69mor.hi.en.jd.sp.SqlExceptionHelper&amp#27;[39m&amp#27;[38;5;188m] (&amp#27;[39m&amp#27;[38;5;71mJPA Startup Thread: <default>&amp#27;[39m&amp#27;[38;5;188m) &amp#27;[39m&amp#27;[38;5;151mSQL Error: 0, SQLState: 08001&amp#27;[39m&amp#27;[38;5;203m&amp#27;[39m&amp#27;[38;5;227m
&amp#27;[39m&amp#27;[38;5;145m16:10:14&amp#27;[39m&amp#27;[38;5;188m &amp#27;[39m&amp#27;[38;5;203mERROR&amp#27;[39m&amp#27;[38;5;188m [&amp#27;[39m&amp#27;[38;5;69mor.hi.en.jd.sp.SqlExceptionHelper&amp#27;[39m&amp#27;[38;5;188m] (&amp#27;[39m&amp#27;[38;5;71mJPA Startup Thread: <default>&amp#27;[39m&amp#27;[38;5;188m) &amp#27;[39m&amp#27;[38;5;151mEl intento de conexión falló.&amp#27;[39m&amp#27;[38;5;203m&amp#27;[39m&amp#27;[38;5;227m
&amp#27;[39m]]></system-out>
  </testcase>
  <testcase name="shouldAddAnItem" classname="io.quarkus.workshop.superheroes.villain.VillainResourceTest" time="0">
    <skipped type="org.opentest4j.TestAbortedException"><![CDATA[org.opentest4j.TestAbortedException: Boot failed
]]></skipped>
  </testcase>
  <testcase name="testUpdatingAnItem" classname="io.quarkus.workshop.superheroes.villain.VillainResourceTest" time="0">
    <skipped type="org.opentest4j.TestAbortedException"><![CDATA[org.opentest4j.TestAbortedException: Boot failed
]]></skipped>
  </testcase>
  <testcase name="shouldRemoveAnItem" classname="io.quarkus.workshop.superheroes.villain.VillainResourceTest" time="0">
    <skipped type="org.opentest4j.TestAbortedException"><![CDATA[org.opentest4j.TestAbortedException: Boot failed
]]></skipped>
  </testcase>
  <testcase name="shouldGetRandomVillain" classname="io.quarkus.workshop.superheroes.villain.VillainResourceTest" time="0">
    <skipped type="org.opentest4j.TestAbortedException"><![CDATA[org.opentest4j.TestAbortedException: Boot failed
]]></skipped>
  </testcase>
  <testcase name="shouldPingSwaggerUI" classname="io.quarkus.workshop.superheroes.villain.VillainResourceTest" time="0">
    <skipped type="org.opentest4j.TestAbortedException"><![CDATA[org.opentest4j.TestAbortedException: Boot failed
]]></skipped>
  </testcase>
  <testcase name="shouldPingMetrics" classname="io.quarkus.workshop.superheroes.villain.VillainResourceTest" time="0">
    <skipped type="org.opentest4j.TestAbortedException"><![CDATA[org.opentest4j.TestAbortedException: Boot failed
]]></skipped>
  </testcase>
  <testcase name="shouldPingReadiness" classname="io.quarkus.workshop.superheroes.villain.VillainResourceTest" time="0">
    <skipped type="org.opentest4j.TestAbortedException"><![CDATA[org.opentest4j.TestAbortedException: Boot failed
]]></skipped>
  </testcase>
  <testcase name="shouldNotAddInvalidItem" classname="io.quarkus.workshop.superheroes.villain.VillainResourceTest" time="0">
    <skipped type="org.opentest4j.TestAbortedException"><![CDATA[org.opentest4j.TestAbortedException: Boot failed
]]></skipped>
  </testcase>
  <testcase name="shouldPingLiveness" classname="io.quarkus.workshop.superheroes.villain.VillainResourceTest" time="0">
    <skipped type="org.opentest4j.TestAbortedException"><![CDATA[org.opentest4j.TestAbortedException: Boot failed
]]></skipped>
  </testcase>
  <testcase name="shouldNotGetUnknownVillain" classname="io.quarkus.workshop.superheroes.villain.VillainResourceTest" time="0">
    <skipped type="org.opentest4j.TestAbortedException"><![CDATA[org.opentest4j.TestAbortedException: Boot failed
]]></skipped>
  </testcase>
  <testcase name="testHelloEndpoint" classname="io.quarkus.workshop.superheroes.villain.VillainResourceTest" time="0">
    <skipped type="org.opentest4j.TestAbortedException"><![CDATA[org.opentest4j.TestAbortedException: Boot failed
]]></skipped>
  </testcase>
  <testcase name="shouldPingOpenAPI" classname="io.quarkus.workshop.superheroes.villain.VillainResourceTest" time="0">
    <skipped type="org.opentest4j.TestAbortedException"><![CDATA[org.opentest4j.TestAbortedException: Boot failed
]]></skipped>
  </testcase>
</testsuite>